mode: set
gitlab.com/vk-go/lectures-2022-2/03_net1/99_hw/coverage/client.go:69.80,73.19 2 1
gitlab.com/vk-go/lectures-2022-2/03_net1/99_hw/coverage/client.go:76.2,76.20 1 1
gitlab.com/vk-go/lectures-2022-2/03_net1/99_hw/coverage/client.go:79.2,79.20 1 1
gitlab.com/vk-go/lectures-2022-2/03_net1/99_hw/coverage/client.go:84.2,96.16 10 1
gitlab.com/vk-go/lectures-2022-2/03_net1/99_hw/coverage/client.go:102.2,105.25 3 1
gitlab.com/vk-go/lectures-2022-2/03_net1/99_hw/coverage/client.go:122.2,124.16 3 1
gitlab.com/vk-go/lectures-2022-2/03_net1/99_hw/coverage/client.go:128.2,129.28 2 1
gitlab.com/vk-go/lectures-2022-2/03_net1/99_hw/coverage/client.go:136.2,136.21 1 1
gitlab.com/vk-go/lectures-2022-2/03_net1/99_hw/coverage/client.go:73.19,75.3 1 1
gitlab.com/vk-go/lectures-2022-2/03_net1/99_hw/coverage/client.go:76.20,78.3 1 1
gitlab.com/vk-go/lectures-2022-2/03_net1/99_hw/coverage/client.go:79.20,81.3 1 1
gitlab.com/vk-go/lectures-2022-2/03_net1/99_hw/coverage/client.go:96.16,97.54 1 1
gitlab.com/vk-go/lectures-2022-2/03_net1/99_hw/coverage/client.go:100.3,100.50 1 1
gitlab.com/vk-go/lectures-2022-2/03_net1/99_hw/coverage/client.go:97.54,99.4 1 1
gitlab.com/vk-go/lectures-2022-2/03_net1/99_hw/coverage/client.go:106.31,107.44 1 1
gitlab.com/vk-go/lectures-2022-2/03_net1/99_hw/coverage/client.go:108.38,109.53 1 1
gitlab.com/vk-go/lectures-2022-2/03_net1/99_hw/coverage/client.go:110.29,113.17 3 1
gitlab.com/vk-go/lectures-2022-2/03_net1/99_hw/coverage/client.go:116.3,116.42 1 1
gitlab.com/vk-go/lectures-2022-2/03_net1/99_hw/coverage/client.go:119.3,119.73 1 1
gitlab.com/vk-go/lectures-2022-2/03_net1/99_hw/coverage/client.go:113.17,115.4 1 1
gitlab.com/vk-go/lectures-2022-2/03_net1/99_hw/coverage/client.go:116.42,118.4 1 1
gitlab.com/vk-go/lectures-2022-2/03_net1/99_hw/coverage/client.go:124.16,126.3 1 1
gitlab.com/vk-go/lectures-2022-2/03_net1/99_hw/coverage/client.go:129.28,132.3 2 1
gitlab.com/vk-go/lectures-2022-2/03_net1/99_hw/coverage/client.go:132.8,134.3 1 1
gitlab.com/vk-go/lectures-2022-2/03_net1/99_hw/coverage/server.go:24.36,26.16 2 1
gitlab.com/vk-go/lectures-2022-2/03_net1/99_hw/coverage/server.go:29.2,29.13 1 1
gitlab.com/vk-go/lectures-2022-2/03_net1/99_hw/coverage/server.go:26.16,28.3 1 1
gitlab.com/vk-go/lectures-2022-2/03_net1/99_hw/coverage/server.go:32.59,34.16 2 1
gitlab.com/vk-go/lectures-2022-2/03_net1/99_hw/coverage/server.go:38.2,38.12 1 1
gitlab.com/vk-go/lectures-2022-2/03_net1/99_hw/coverage/server.go:34.16,37.3 2 1
gitlab.com/vk-go/lectures-2022-2/03_net1/99_hw/coverage/server.go:41.71,44.16 3 1
gitlab.com/vk-go/lectures-2022-2/03_net1/99_hw/coverage/server.go:47.2,48.13 2 1
gitlab.com/vk-go/lectures-2022-2/03_net1/99_hw/coverage/server.go:44.16,46.3 1 1
gitlab.com/vk-go/lectures-2022-2/03_net1/99_hw/coverage/server.go:51.91,54.16 3 1
gitlab.com/vk-go/lectures-2022-2/03_net1/99_hw/coverage/server.go:58.2,58.10 1 1
gitlab.com/vk-go/lectures-2022-2/03_net1/99_hw/coverage/server.go:54.16,57.3 2 1
gitlab.com/vk-go/lectures-2022-2/03_net1/99_hw/coverage/server.go:61.91,62.9 1 1
gitlab.com/vk-go/lectures-2022-2/03_net1/99_hw/coverage/server.go:63.48,64.44 1 1
gitlab.com/vk-go/lectures-2022-2/03_net1/99_hw/coverage/server.go:73.3,74.14 2 1
gitlab.com/vk-go/lectures-2022-2/03_net1/99_hw/coverage/server.go:75.27,76.44 1 1
gitlab.com/vk-go/lectures-2022-2/03_net1/99_hw/coverage/server.go:85.3,86.14 2 1
gitlab.com/vk-go/lectures-2022-2/03_net1/99_hw/coverage/server.go:87.26,88.44 1 1
gitlab.com/vk-go/lectures-2022-2/03_net1/99_hw/coverage/server.go:97.3,98.14 2 1
gitlab.com/vk-go/lectures-2022-2/03_net1/99_hw/coverage/server.go:99.10,103.15 4 1
gitlab.com/vk-go/lectures-2022-2/03_net1/99_hw/coverage/server.go:64.44,65.29 1 1
gitlab.com/vk-go/lectures-2022-2/03_net1/99_hw/coverage/server.go:68.4,68.30 1 1
gitlab.com/vk-go/lectures-2022-2/03_net1/99_hw/coverage/server.go:71.4,71.16 1 1
gitlab.com/vk-go/lectures-2022-2/03_net1/99_hw/coverage/server.go:65.29,67.5 1 1
gitlab.com/vk-go/lectures-2022-2/03_net1/99_hw/coverage/server.go:68.30,70.5 1 1
gitlab.com/vk-go/lectures-2022-2/03_net1/99_hw/coverage/server.go:76.44,77.29 1 1
gitlab.com/vk-go/lectures-2022-2/03_net1/99_hw/coverage/server.go:80.4,80.30 1 1
gitlab.com/vk-go/lectures-2022-2/03_net1/99_hw/coverage/server.go:83.4,83.16 1 1
gitlab.com/vk-go/lectures-2022-2/03_net1/99_hw/coverage/server.go:77.29,79.5 1 1
gitlab.com/vk-go/lectures-2022-2/03_net1/99_hw/coverage/server.go:80.30,82.5 1 1
gitlab.com/vk-go/lectures-2022-2/03_net1/99_hw/coverage/server.go:88.44,89.29 1 1
gitlab.com/vk-go/lectures-2022-2/03_net1/99_hw/coverage/server.go:92.4,92.30 1 1
gitlab.com/vk-go/lectures-2022-2/03_net1/99_hw/coverage/server.go:95.4,95.16 1 1
gitlab.com/vk-go/lectures-2022-2/03_net1/99_hw/coverage/server.go:89.29,91.5 1 1
gitlab.com/vk-go/lectures-2022-2/03_net1/99_hw/coverage/server.go:92.30,94.5 1 1
gitlab.com/vk-go/lectures-2022-2/03_net1/99_hw/coverage/server.go:107.58,108.16 1 1
gitlab.com/vk-go/lectures-2022-2/03_net1/99_hw/coverage/server.go:112.2,112.13 1 1
gitlab.com/vk-go/lectures-2022-2/03_net1/99_hw/coverage/server.go:108.16,111.3 2 1
gitlab.com/vk-go/lectures-2022-2/03_net1/99_hw/coverage/server.go:115.47,117.17 2 1
gitlab.com/vk-go/lectures-2022-2/03_net1/99_hw/coverage/server.go:121.2,124.6 4 1
gitlab.com/vk-go/lectures-2022-2/03_net1/99_hw/coverage/server.go:145.2,145.14 1 1
gitlab.com/vk-go/lectures-2022-2/03_net1/99_hw/coverage/server.go:117.17,120.3 2 1
gitlab.com/vk-go/lectures-2022-2/03_net1/99_hw/coverage/server.go:124.6,126.34 2 1
gitlab.com/vk-go/lectures-2022-2/03_net1/99_hw/coverage/server.go:129.3,129.27 1 1
gitlab.com/vk-go/lectures-2022-2/03_net1/99_hw/coverage/server.go:126.34,127.9 1 1
gitlab.com/vk-go/lectures-2022-2/03_net1/99_hw/coverage/server.go:130.25,131.30 1 1
gitlab.com/vk-go/lectures-2022-2/03_net1/99_hw/coverage/server.go:142.11,142.11 0 1
gitlab.com/vk-go/lectures-2022-2/03_net1/99_hw/coverage/server.go:131.30,141.5 8 1
gitlab.com/vk-go/lectures-2022-2/03_net1/99_hw/coverage/server.go:150.59,153.18 2 1
gitlab.com/vk-go/lectures-2022-2/03_net1/99_hw/coverage/server.go:156.2,158.23 3 1
gitlab.com/vk-go/lectures-2022-2/03_net1/99_hw/coverage/server.go:153.18,155.3 1 1
gitlab.com/vk-go/lectures-2022-2/03_net1/99_hw/coverage/server.go:158.23,160.28 2 1
gitlab.com/vk-go/lectures-2022-2/03_net1/99_hw/coverage/server.go:163.3,164.28 2 1
gitlab.com/vk-go/lectures-2022-2/03_net1/99_hw/coverage/server.go:167.3,170.28 4 1
gitlab.com/vk-go/lectures-2022-2/03_net1/99_hw/coverage/server.go:173.3,173.80 1 1
gitlab.com/vk-go/lectures-2022-2/03_net1/99_hw/coverage/server.go:179.3,179.18 1 1
gitlab.com/vk-go/lectures-2022-2/03_net1/99_hw/coverage/server.go:188.3,188.48 1 1
gitlab.com/vk-go/lectures-2022-2/03_net1/99_hw/coverage/server.go:160.28,162.4 1 1
gitlab.com/vk-go/lectures-2022-2/03_net1/99_hw/coverage/server.go:164.28,166.4 1 1
gitlab.com/vk-go/lectures-2022-2/03_net1/99_hw/coverage/server.go:170.28,172.4 1 1
gitlab.com/vk-go/lectures-2022-2/03_net1/99_hw/coverage/server.go:173.80,178.4 4 1
gitlab.com/vk-go/lectures-2022-2/03_net1/99_hw/coverage/server.go:179.18,181.4 1 1
gitlab.com/vk-go/lectures-2022-2/03_net1/99_hw/coverage/server.go:181.9,182.34 1 1
gitlab.com/vk-go/lectures-2022-2/03_net1/99_hw/coverage/server.go:182.34,183.88 1 1
gitlab.com/vk-go/lectures-2022-2/03_net1/99_hw/coverage/server.go:183.88,185.6 1 1
gitlab.com/vk-go/lectures-2022-2/03_net1/99_hw/coverage/server.go:188.48,190.31 2 1
gitlab.com/vk-go/lectures-2022-2/03_net1/99_hw/coverage/server.go:198.4,200.33 3 1
gitlab.com/vk-go/lectures-2022-2/03_net1/99_hw/coverage/server.go:190.31,195.5 4 1
gitlab.com/vk-go/lectures-2022-2/03_net1/99_hw/coverage/server.go:195.10,195.41 1 1
gitlab.com/vk-go/lectures-2022-2/03_net1/99_hw/coverage/server.go:195.41,197.5 1 1
gitlab.com/vk-go/lectures-2022-2/03_net1/99_hw/coverage/server.go:202.8,205.3 2 1
